<?xml version="1.0" encoding="UTF-8"?>
<!-- Generated by org.testng.reporters.JUnitReportReporter -->
<testsuite hostname="DESKTOP-B82C6IT" failures="0" tests="5" name="project2.Pro2" time="3.535" errors="0" timestamp="2025-04-23T17:39:44 EET" skipped="0">
  <testcase classname="project2.Pro2" name="login" time="0.529"/>
  <testcase classname="project2.Pro2" name="addAllItems" time="0.543"/>
  <testcase classname="project2.Pro2" name="removeItemFromTheCart" time="0.120"/>
  <testcase classname="project2.Pro2" name="Task" time="0.089"/>
  <testcase classname="project2.Pro2" name="logout" time="2.254"/>
</testsuite> <!-- project2.Pro2 -->
